#
# A fatal error has been detected by the Java Runtime Environment:
#
#  SIGBUS (0x7) at pc=0x00007f36160f1187, pid=9795, tid=0x00007f35b1da5700
#
# JRE version: OpenJDK Runtime Environment (8.0_242) (build 1.8.0_242-release-1644-b3-6222593)
# Java VM: OpenJDK 64-Bit Server VM (25.242-b3-6222593 mixed mode linux-amd64 compressed oops)
# Problematic frame:
# C  [libc.so.6+0xbf187]
#
# Failed to write core dump. Core dumps have been disabled. To enable core dumping, try "ulimit -c unlimited" before starting Java again
#
# If you would like to submit a bug report, please visit:
#   http://bugreport.java.com/bugreport/crash.jsp
#

---------------  T H R E A D  ---------------

Current thread (0x00007f35e0769800):  JavaThread "WorkerExecutor Queue" [_thread_in_vm, id=13641, stack(0x00007f35b1ca5000,0x00007f35b1da6000)]

siginfo: si_signo: 7 (SIGBUS), si_code: 2 (BUS_ADRERR), si_addr: 0x00000000e4e09000

Registers:
RAX=0x00000000e4dcf2a8, RBX=0x00007f35e0769800, RCX=0x00000000e4e09000, RDX=0x00000000e4e0f280
RSP=0x00007f35b1da31f8, RBP=0x00007f35b1da3260, RSI=0x0000000000000000, RDI=0x00000000e4dcf2a8
R8 =0x0000000000008002, R9 =0x00007f361001b288, R10=0x0000000000040010, R11=0x00000000e4dead70
R12=0x0000000100000768, R13=0x0000000000040000, R14=0x00000000e4dcf298, R15=0x00007f3615ff6c24
RIP=0x00007f36160f1187, EFLAGS=0x0000000000010202, CSGSFS=0x002b000000000033, ERR=0x0000000000000006
  TRAPNO=0x000000000000000e

Top of Stack: (sp=0x00007f35b1da31f8)
0x00007f35b1da31f8:   00007f3615cc5e2a 00000000e4daab90
0x00007f35b1da3208:   00000000e4daab70 0000000000008002
0x00007f35b1da3218:   00000000e4dcf298 00007f3601007f00
0x00007f35b1da3228:   00000000e4daab90 00007f35b1da3230
0x00007f35b1da3238:   00007f35e0769800 0000000100000768
0x00007f35b1da3248:   0000000000040000 00007f35b1da3360
0x00007f35b1da3258:   00007f35e0769800 00007f35b1da32a0
0x00007f35b1da3268:   00007f3615bfcf9a 00007f35b1da33c8
0x00007f35b1da3278:   00007f35fc554f88 0000000000000000
0x00007f35b1da3288:   00007f35b1da3300 00007f35b1da3360
0x00007f35b1da3298:   00007f35e0769800 00000000e4daad30
0x00007f35b1da32a8:   00007f360106ddc7 00000000e4daad30
0x00007f35b1da32b8:   00007f360294070c 00007f3500040000
0x00007f35b1da32c8:   0000000000000000 00007f35b1da32f0
0x00007f35b1da32d8:   00007f35b1da33c8 00007f35b1da3348
0x00007f35b1da32e8:   00007f3601007d80 00000000e4da3b40
0x00007f35b1da32f8:   00007f3601007d80 0000000000040000
0x00007f35b1da3308:   00007f35b1da3308 00007f35b2b6fce1
0x00007f35b1da3318:   00007f35b1da3360 00007f35b2b95848
0x00007f35b1da3328:   0000000000000000 00007f35b2b6fce8
0x00007f35b1da3338:   00007f35b1da3300 00007f35b1da3358
0x00007f35b1da3348:   00007f35b1da33b8 00007f3601007e54
0x00007f35b1da3358:   0000000000040000 00000000e4cb8f90
0x00007f35b1da3368:   00000000e4daad20 00000000e4daad20
0x00007f35b1da3378:   00007f35b1da3378 00007f35b246981b
0x00007f35b1da3388:   00007f35b1da33d8 00007f35b246a340
0x00007f35b1da3398:   00007f35b249a548 00007f35b24698b8
0x00007f35b1da33a8:   00007f35b1da3358 00007f35b1da33d0
0x00007f35b1da33b8:   00007f35b1da3428 00007f3601007d80
0x00007f35b1da33c8:   00000000e4daad20 0000000000040000
0x00007f35b1da33d8:   00000000e4daad08 00000000e4daad08
0x00007f35b1da33e8:   00007f35b1da33e8 00007f35b2469655 

Instructions: (pc=0x00007f36160f1187)
0x00007f36160f1167:   7f 47 20 f3 0f 7f 44 17 d0 f3 0f 7f 47 30 f3 0f
0x00007f36160f1177:   7f 44 17 c0 48 01 fa 48 83 e2 c0 48 39 d1 74 c0
0x00007f36160f1187:   66 0f 7f 01 66 0f 7f 41 10 66 0f 7f 41 20 66 0f
0x00007f36160f1197:   7f 41 30 48 83 c1 40 48 39 ca 75 e4 f3 c3 66 48 

Register to memory mapping:

RAX=0x00000000e4dcf2a8 is an oop
